==92902== Memcheck, a memory error detector
==92902== Copyright (C) 2002-2022, and GNU GPL'd, by Julian Seward et al.
==92902== Using Valgrind-3.21.0 and LibVEX; rerun with -h for copyright info
==92902== Command: ./menu
==92902== Parent PID: 92901
==92902== 
==92902== 
==92902== HEAP SUMMARY:
==92902==     in use at exit: 398,142 bytes in 725 blocks
==92902==   total heap usage: 5,959 allocs, 5,234 frees, 2,168,363 bytes allocated
==92902== 
==92902== 9 bytes in 1 blocks are possibly lost in loss record 84 of 303
==92902==    at 0x4841848: malloc (vg_replace_malloc.c:431)
==92902==    by 0x4A073DE: strdup (strdup.c:42)
==92902==    by 0x4908357: tparm_setup.lto_priv.0 (lib_tparm.c:657)
==92902==    by 0x4911EDC: _nc_tiparm (lib_tparm.c:1331)
==92902==    by 0x48EFD14: UnknownInlinedFun (lib_mvcur.c:403)
==92902==    by 0x48EFD14: UnknownInlinedFun (lib_mvcur.c:465)
==92902==    by 0x48EFD14: newterm_sp (lib_newterm.c:343)
==92902==    by 0x48F0BDD: newterm (lib_newterm.c:369)
==92902==    by 0x48E8D72: initscr (lib_initscr.c:93)
==92902==    by 0x10D9E6: _initsrc (windows.c:255)
==92902==    by 0x10AEA1: main (menu.c:396)
==92902== 
==92902== 24 bytes in 1 blocks are possibly lost in loss record 190 of 303
==92902==    at 0x4841848: malloc (vg_replace_malloc.c:431)
==92902==    by 0x4A73656: tsearch (tsearch.c:337)
==92902==    by 0x4908373: tparm_setup.lto_priv.0 (lib_tparm.c:658)
==92902==    by 0x4911EDC: _nc_tiparm (lib_tparm.c:1331)
==92902==    by 0x48EFD14: UnknownInlinedFun (lib_mvcur.c:403)
==92902==    by 0x48EFD14: UnknownInlinedFun (lib_mvcur.c:465)
==92902==    by 0x48EFD14: newterm_sp (lib_newterm.c:343)
==92902==    by 0x48F0BDD: newterm (lib_newterm.c:369)
==92902==    by 0x48E8D72: initscr (lib_initscr.c:93)
==92902==    by 0x10D9E6: _initsrc (windows.c:255)
==92902==    by 0x10AEA1: main (menu.c:396)
==92902== 
==92902== 168 bytes in 1 blocks are possibly lost in loss record 257 of 303
==92902==    at 0x48469B3: calloc (vg_replace_malloc.c:1554)
==92902==    by 0x49082CF: tparm_setup.lto_priv.0 (lib_tparm.c:655)
==92902==    by 0x4911EDC: _nc_tiparm (lib_tparm.c:1331)
==92902==    by 0x48EFD14: UnknownInlinedFun (lib_mvcur.c:403)
==92902==    by 0x48EFD14: UnknownInlinedFun (lib_mvcur.c:465)
==92902==    by 0x48EFD14: newterm_sp (lib_newterm.c:343)
==92902==    by 0x48F0BDD: newterm (lib_newterm.c:369)
==92902==    by 0x48E8D72: initscr (lib_initscr.c:93)
==92902==    by 0x10D9E6: _initsrc (windows.c:255)
==92902==    by 0x10AEA1: main (menu.c:396)
==92902== 
==92902== LEAK SUMMARY:
==92902==    definitely lost: 0 bytes in 0 blocks
==92902==    indirectly lost: 0 bytes in 0 blocks
==92902==      possibly lost: 201 bytes in 3 blocks
==92902==    still reachable: 397,941 bytes in 722 blocks
==92902==         suppressed: 0 bytes in 0 blocks
==92902== Reachable blocks (those to which a pointer was found) are not shown.
==92902== To see them, rerun with: --leak-check=full --show-leak-kinds=all
==92902== 
==92902== For lists of detected and suppressed errors, rerun with: -s
==92902== ERROR SUMMARY: 3 errors from 3 contexts (suppressed: 0 from 0)
